<?xml version="1.0" encoding="UTF-8"?>
<!-- Generated by org.testng.reporters.JUnitXMLReporter -->
<testsuite ignored="0" hostname="LIN24004731" failures="0" tests="2" name="Test" time="0.546" errors="0" timestamp="2021-08-03T18:08:50 IST">
  <testcase classname="io.cucumber.testng.AbstractTestNGCucumberTests" name="runScenario" time="0.17">
    <skipped/>
  </testcase> <!-- runScenario -->
  <testcase classname="io.cucumber.testng.AbstractTestNGCucumberTests" name="runScenario" time="0.169">
    <skipped/>
  </testcase> <!-- runScenario -->
</testsuite> <!-- Test -->
